<?xml version="1.0" encoding="UTF-8"?>
<!-- Generated by org.testng.reporters.JUnitXMLReporter -->
<testsuite ignored="0" hostname="LTIN228261" failures="1" tests="1" name="Regression_Test" time="0.319" errors="0" timestamp="2024-02-26T14:42:18 IST">
  <testcase classname="testCases.TC_002_Gift_Card" name="enter_wrong_info" time="0.049">
    <failure type="java.lang.NullPointerException" message="Cannot invoke &amp;quot;org.openqa.selenium.JavascriptExecutor.executeScript(String, Object[])&amp;quot; because &amp;quot;jse&amp;quot; is null">
      <![CDATA[java.lang.NullPointerException: Cannot invoke "org.openqa.selenium.JavascriptExecutor.executeScript(String, Object[])" because "jse" is null
at pageObjects.SearchPage.ScrollTillGiftCardTab(SearchPage.java:137)
at testCases.TC_002_Gift_Card.enter_wrong_info(TC_002_Gift_Card.java:20)
at java.base/java.util.ArrayList.forEach(ArrayList.java:1511)
... Removed 27 stack frames]]>
    </failure>
  </testcase> <!-- enter_wrong_info -->
</testsuite> <!-- Regression_Test -->
